SF:lib\data\models\movie_models\movie_model.dart
DA:5,3
DA:35,2
DA:36,1
DA:37,1
DA:38,4
DA:39,1
DA:40,1
DA:41,1
DA:42,2
DA:43,1
DA:44,1
DA:45,1
DA:46,1
DA:47,2
DA:48,1
DA:51,2
DA:52,1
DA:53,1
DA:54,4
DA:55,1
DA:56,1
DA:57,1
DA:58,1
DA:59,1
DA:60,1
DA:61,1
DA:62,1
DA:63,1
DA:64,1
DA:67,2
DA:68,2
DA:69,2
DA:70,2
DA:71,2
DA:72,2
DA:73,2
DA:74,2
DA:75,2
DA:76,2
DA:77,2
DA:78,2
DA:79,2
DA:80,2
DA:81,2
DA:85,1
DA:86,1
DA:87,1
DA:88,1
DA:89,1
DA:90,1
DA:91,1
DA:92,1
DA:93,1
DA:94,1
DA:95,1
DA:96,1
DA:97,1
DA:98,1
DA:99,1
LF:59
LH:59
end_of_record
SF:lib\domain\entities\movie_entities\movie.dart
DA:5,7
DA:21,2
DA:42,7
DA:43,7
DA:44,7
DA:45,7
DA:46,7
DA:47,7
DA:48,7
DA:49,7
DA:50,7
DA:51,7
DA:52,7
DA:53,7
DA:54,7
DA:55,7
DA:56,7
LF:17
LH:17
end_of_record
SF:lib\data\models\movie_models\movie_table.dart
DA:11,2
DA:18,2
DA:19,1
DA:20,1
DA:21,1
DA:22,1
DA:25,2
DA:26,1
DA:27,1
DA:28,1
DA:29,1
DA:32,0
DA:33,0
DA:34,0
DA:35,0
DA:36,0
DA:39,2
DA:40,1
DA:41,1
DA:42,1
DA:43,1
DA:46,2
DA:47,10
LF:23
LH:18
end_of_record
SF:lib\data\datasources\movie_datasources\movie_local_data_source.dart
DA:15,1
DA:18,1
DA:20,3
DA:23,2
DA:28,1
DA:30,3
DA:33,2
DA:38,1
DA:39,3
DA:41,1
DA:48,1
DA:49,3
DA:50,4
LF:13
LH:13
end_of_record
SF:lib\data\datasources\movie_datasources\movie_remote_data_source.dart
DA:28,1
DA:30,1
DA:31,3
DA:32,1
DA:33,3
DA:38,1
DA:39,3
DA:40,1
DA:41,0
DA:42,1
DA:44,4
DA:46,2
DA:47,0
DA:49,1
DA:54,1
DA:55,3
DA:56,1
DA:57,0
DA:58,1
DA:60,4
DA:62,2
DA:63,0
DA:65,1
DA:70,1
DA:71,3
DA:72,1
DA:73,0
DA:74,1
DA:75,1
DA:76,3
DA:78,2
DA:79,0
DA:81,1
DA:86,1
DA:87,3
DA:88,1
DA:89,0
DA:90,1
DA:92,4
DA:94,2
DA:95,0
DA:97,1
DA:102,1
DA:103,3
DA:104,1
DA:105,0
DA:106,1
DA:108,4
DA:110,2
DA:111,0
DA:113,1
DA:118,1
DA:119,3
DA:120,1
DA:121,0
DA:122,1
DA:123,1
DA:124,3
DA:126,2
DA:127,0
DA:129,1
LF:61
LH:49
end_of_record
SF:lib\data\models\movie_models\movie_detail_model.dart
DA:7,1
DA:53,0
DA:54,0
DA:55,0
DA:56,0
DA:57,0
DA:58,0
DA:59,0
DA:60,0
DA:61,0
DA:62,0
DA:63,0
DA:64,0
DA:65,0
DA:66,0
DA:67,0
DA:68,0
DA:69,0
DA:70,0
DA:71,0
DA:72,0
DA:73,0
DA:74,0
DA:75,0
DA:76,0
DA:79,0
DA:80,0
DA:81,0
DA:82,0
DA:83,0
DA:84,0
DA:85,0
DA:86,0
DA:87,0
DA:88,0
DA:89,0
DA:90,0
DA:91,0
DA:92,0
DA:93,0
DA:94,0
DA:95,0
DA:96,0
DA:97,0
DA:98,0
DA:99,0
DA:100,0
DA:103,1
DA:104,1
DA:105,1
DA:106,1
DA:107,5
DA:108,1
DA:109,1
DA:110,1
DA:111,1
DA:112,1
DA:113,1
DA:114,1
DA:115,1
DA:116,1
DA:120,0
DA:121,0
DA:122,0
DA:123,0
DA:124,0
DA:125,0
DA:126,0
DA:127,0
DA:128,0
DA:129,0
DA:130,0
DA:131,0
DA:132,0
DA:133,0
DA:134,0
DA:135,0
DA:136,0
DA:137,0
DA:138,0
DA:139,0
DA:140,0
DA:141,0
DA:142,0
LF:84
LH:15
end_of_record
SF:lib\data\models\movie_models\movie_response.dart
DA:7,1
DA:9,2
DA:10,2
DA:11,3
DA:12,3
DA:15,2
DA:16,5
DA:19,1
DA:20,2
LF:9
LH:9
end_of_record
SF:lib\domain\entities\movie_entities\movie_detail.dart
DA:5,5
DA:33,2
DA:34,2
DA:35,2
DA:36,2
DA:37,2
DA:38,2
DA:39,2
DA:40,2
DA:41,2
DA:42,2
DA:43,2
DA:44,2
DA:45,2
LF:14
LH:14
end_of_record
SF:lib\domain\usecases\movie_usecases\get_movie_detail.dart
DA:10,1
DA:12,1
DA:13,2
LF:3
LH:3
end_of_record
SF:lib\data\repositories\movie_repository\movie_repository_impl.dart
DA:17,1
DA:23,1
DA:25,3
DA:26,5
DA:27,1
DA:29,1
DA:35,1
DA:37,3
DA:38,2
DA:39,1
DA:41,1
DA:47,1
DA:49,3
DA:50,3
DA:51,1
DA:53,1
DA:59,1
DA:61,3
DA:62,5
DA:63,1
DA:65,1
DA:71,1
DA:73,3
DA:74,5
DA:75,1
DA:77,1
DA:83,1
DA:85,3
DA:86,5
DA:87,1
DA:89,1
DA:95,1
DA:98,4
DA:99,1
DA:100,1
DA:101,3
DA:109,1
DA:112,4
DA:113,1
DA:114,1
DA:115,3
DA:120,1
DA:121,3
DA:126,1
DA:127,3
DA:128,5
LF:46
LH:46
end_of_record
SF:lib\domain\usecases\movie_usecases\get_movie_recommendations.dart
DA:9,1
DA:11,1
DA:12,2
LF:3
LH:3
end_of_record
SF:lib\domain\usecases\movie_usecases\get_now_playing_movies.dart
DA:9,1
DA:11,1
DA:12,2
LF:3
LH:3
end_of_record
SF:lib\domain\usecases\movie_usecases\get_popular_movies.dart
DA:9,1
DA:11,1
DA:12,2
LF:3
LH:3
end_of_record
SF:lib\domain\usecases\movie_usecases\get_top_rated_movies.dart
DA:9,1
DA:11,1
DA:12,2
LF:3
LH:3
end_of_record
SF:lib\domain\usecases\movie_usecases\get_watchlist_movies.dart
DA:9,1
DA:11,1
DA:12,2
LF:3
LH:3
end_of_record
SF:lib\domain\usecases\movie_usecases\get_watchlist_status_movies.dart
DA:6,1
DA:8,1
DA:9,2
LF:3
LH:3
end_of_record
SF:lib\domain\usecases\movie_usecases\remove_watchlist_movies.dart
DA:9,1
DA:11,1
DA:12,2
LF:3
LH:3
end_of_record
SF:lib\domain\usecases\movie_usecases\save_watchlist_movies.dart
DA:9,1
DA:11,1
DA:12,2
LF:3
LH:3
end_of_record
SF:lib\presentation\bloc\state\movie_detail_state.dart
DA:4,2
DA:6,1
DA:7,1
DA:17,2
DA:19,1
DA:20,2
DA:26,1
DA:28,1
DA:29,2
LF:9
LH:9
end_of_record
SF:lib\presentation\bloc\movie_detail_bloc.dart
DA:13,3
DA:16,1
DA:19,1
DA:20,1
DA:22,2
DA:23,3
DA:25,2
DA:26,1
DA:27,3
DA:29,1
DA:30,2
LF:11
LH:11
end_of_record
SF:lib\presentation\bloc\event\movie_detail_event.dart
DA:4,1
DA:6,0
DA:7,0
DA:13,1
DA:15,0
DA:16,0
LF:6
LH:2
end_of_record
SF:lib\presentation\bloc\state\now_playing_movies_state.dart
DA:4,2
DA:6,1
DA:7,1
DA:17,2
DA:19,1
DA:20,2
DA:26,1
DA:28,1
DA:29,2
LF:9
LH:9
end_of_record
SF:lib\presentation\bloc\now_playing_movies_bloc.dart
DA:14,1
DA:15,2
DA:18,1
DA:21,1
DA:22,2
DA:23,3
DA:24,2
DA:25,1
DA:26,3
DA:28,1
DA:29,2
LF:11
LH:11
end_of_record
SF:lib\presentation\bloc\event\now_playing_movies_event.dart
DA:4,1
DA:6,0
DA:7,0
LF:3
LH:1
end_of_record
SF:lib\presentation\bloc\state\popular_movies_state.dart
DA:4,2
DA:6,1
DA:7,1
DA:17,2
DA:19,1
DA:20,2
DA:26,1
DA:28,1
DA:29,2
LF:9
LH:9
end_of_record
SF:lib\presentation\bloc\event\popular_movies_event.dart
DA:4,1
DA:6,0
DA:7,0
LF:3
LH:1
end_of_record
SF:lib\presentation\bloc\popular_movies_bloc.dart
DA:13,3
DA:16,1
DA:19,1
DA:20,2
DA:21,3
DA:22,2
DA:23,1
DA:24,3
DA:26,1
DA:27,2
LF:10
LH:10
end_of_record
SF:lib\presentation\bloc\recommendation_movies_bloc.dart
DA:14,1
DA:15,2
DA:18,1
DA:21,1
DA:22,1
DA:23,2
DA:24,3
DA:25,2
DA:26,1
DA:27,3
DA:29,1
DA:30,2
LF:12
LH:12
end_of_record
SF:lib\presentation\bloc\event\recommendation_movies_event.dart
DA:4,1
DA:6,0
DA:7,0
DA:13,1
DA:15,0
DA:16,0
LF:6
LH:2
end_of_record
SF:lib\presentation\bloc\state\recommendation_movies_state.dart
DA:4,2
DA:6,1
DA:7,1
DA:17,2
DA:19,1
DA:20,2
DA:26,1
DA:28,1
DA:29,2
LF:9
LH:9
end_of_record
SF:lib\presentation\bloc\top_rated_movies_bloc.dart
DA:14,3
DA:17,1
DA:20,1
DA:21,2
DA:22,3
DA:23,2
DA:24,1
DA:25,3
DA:27,1
DA:28,2
LF:10
LH:10
end_of_record
SF:lib\presentation\bloc\event\top_rated_movies_event.dart
DA:4,1
DA:6,0
DA:7,0
LF:3
LH:1
end_of_record
SF:lib\presentation\bloc\state\top_rated_movies_state.dart
DA:4,2
DA:6,1
DA:7,1
DA:17,2
DA:19,1
DA:20,2
DA:26,1
DA:28,1
DA:29,2
LF:9
LH:9
end_of_record
SF:lib\presentation\bloc\watchlist_movie_bloc.dart
DA:21,1
DA:23,2
DA:26,1
DA:29,1
DA:30,2
DA:32,3
DA:33,2
DA:34,1
DA:35,3
DA:37,1
DA:38,2
DA:41,0
DA:42,0
DA:43,0
DA:44,0
DA:45,0
DA:46,0
DA:47,0
DA:49,0
DA:50,0
DA:51,0
DA:52,0
DA:53,0
DA:54,0
DA:55,0
DA:57,0
DA:58,0
DA:59,0
DA:60,0
LF:29
LH:11
end_of_record
SF:lib\presentation\bloc\state\watchlist_movie_state.dart
DA:4,3
DA:6,1
DA:7,1
DA:17,2
DA:19,1
DA:20,2
DA:27,0
DA:29,0
DA:30,0
DA:36,1
DA:38,1
DA:39,2
DA:45,1
DA:47,0
DA:48,0
DA:54,1
DA:56,0
DA:57,0
DA:64,0
DA:66,0
DA:67,0
LF:21
LH:11
end_of_record
SF:lib\presentation\bloc\event\watchlist_movie_event.dart
DA:4,1
DA:6,0
DA:7,0
DA:15,0
DA:17,0
DA:18,0
DA:24,0
DA:26,0
DA:27,0
DA:33,0
DA:35,0
DA:36,0
LF:12
LH:1
end_of_record
