SF:lib\domain\usecases\search_movies.dart
DA:9,1
DA:11,1
DA:12,2
LF:3
LH:3
end_of_record
SF:lib\domain\usecases\search_tv_series.dart
DA:9,1
DA:11,1
DA:12,2
LF:3
LH:3
end_of_record
SF:lib\presentation\bloc\state\search_state.dart
DA:4,8
DA:6,2
DA:7,2
DA:17,6
DA:19,2
DA:20,4
DA:26,2
DA:28,1
DA:29,2
DA:35,2
DA:37,1
DA:38,2
LF:12
LH:12
end_of_record
SF:lib\presentation\bloc\event\search_event.dart
DA:4,4
DA:6,0
DA:7,0
DA:13,4
DA:15,0
DA:16,0
LF:6
LH:2
end_of_record
SF:lib\presentation\bloc\search_bloc.dart
DA:14,3
DA:17,1
DA:20,1
DA:21,1
DA:23,2
DA:24,3
DA:26,2
DA:27,1
DA:28,3
DA:30,1
DA:31,2
DA:37,1
DA:44,1
DA:45,1
DA:55,3
DA:58,1
DA:61,1
DA:62,1
DA:64,2
DA:65,3
DA:67,2
DA:68,1
DA:69,3
DA:71,1
DA:72,2
DA:78,1
DA:85,1
DA:86,1
LF:28
LH:28
end_of_record
SF:lib\presentation\pages\search_page.dart
DA:11,1
DA:13,1
DA:15,1
DA:16,1
DA:19,1
DA:21,1
DA:23,1
DA:24,1
DA:25,0
DA:26,0
DA:36,1
DA:38,1
DA:40,1
DA:41,1
DA:42,1
DA:46,1
DA:47,1
DA:48,1
DA:49,1
DA:51,1
DA:52,1
DA:53,1
DA:55,1
DA:58,1
DA:59,1
DA:60,1
DA:61,2
DA:65,0
DA:66,0
DA:79,1
DA:81,1
DA:83,1
DA:84,1
DA:87,1
DA:89,1
DA:91,1
DA:92,1
DA:93,0
DA:94,0
DA:104,1
DA:106,1
DA:108,1
DA:109,1
DA:110,1
DA:114,1
DA:115,1
DA:116,1
DA:117,1
DA:119,1
DA:120,1
DA:121,1
DA:123,1
DA:126,1
DA:127,1
DA:128,1
DA:129,2
DA:133,0
DA:134,0
LF:58
LH:50
end_of_record
