SF:lib\data\datasources\tv_series_datasources\tv_series_local_data_source.dart
DA:14,1
DA:17,1
DA:19,3
DA:22,2
DA:27,1
DA:29,3
DA:32,2
DA:37,1
DA:38,3
DA:40,1
DA:47,1
DA:48,3
DA:49,4
LF:13
LH:13
end_of_record
SF:lib\data\models\tv_series_models\tv_series_table.dart
DA:11,2
DA:18,1
DA:19,1
DA:20,1
DA:21,1
DA:22,1
DA:23,1
DA:26,2
DA:27,1
DA:28,1
DA:29,1
DA:30,1
DA:33,0
DA:34,0
DA:35,0
DA:36,0
DA:37,0
DA:40,2
DA:41,1
DA:42,1
DA:43,1
DA:44,1
DA:47,2
DA:48,10
LF:24
LH:19
end_of_record
SF:lib\domain\entities\tv_series_entities\tv_series.dart
DA:5,7
DA:20,2
DA:40,7
DA:41,7
DA:42,7
DA:43,7
DA:44,7
DA:45,7
DA:46,7
DA:47,7
DA:48,7
DA:49,7
DA:50,7
DA:51,7
DA:52,7
DA:53,7
LF:16
LH:16
end_of_record
SF:lib\domain\entities\tv_series_entities\tv_series_detail.dart
DA:6,5
DA:54,2
DA:55,2
DA:56,2
DA:57,2
DA:58,2
DA:59,2
DA:60,2
DA:61,2
DA:62,2
DA:63,2
DA:64,2
DA:65,2
DA:66,2
DA:67,2
DA:68,2
DA:69,2
DA:70,2
DA:71,2
DA:72,2
DA:73,2
DA:74,2
DA:75,2
DA:76,2
DA:77,2
LF:25
LH:25
end_of_record
SF:lib\data\datasources\tv_series_datasources\tv_series_remote_data_source.dart
DA:29,1
DA:31,1
DA:32,3
DA:33,1
DA:34,3
DA:39,1
DA:40,3
DA:41,1
DA:42,0
DA:43,1
DA:45,4
DA:47,2
DA:48,0
DA:50,1
DA:55,1
DA:56,3
DA:57,1
DA:58,0
DA:59,1
DA:60,4
DA:62,2
DA:63,0
DA:65,1
DA:70,1
DA:71,3
DA:72,1
DA:73,0
DA:74,1
DA:75,1
DA:76,3
DA:78,2
DA:79,0
DA:81,1
DA:86,1
DA:87,3
DA:88,1
DA:89,0
DA:90,1
DA:92,4
DA:94,2
DA:95,0
DA:97,1
DA:102,1
DA:103,3
DA:104,1
DA:105,0
DA:106,1
DA:108,4
DA:110,2
DA:111,0
DA:113,1
DA:118,1
DA:119,3
DA:120,1
DA:121,0
DA:122,1
DA:123,1
DA:124,3
DA:126,2
DA:127,0
DA:129,1
LF:61
LH:49
end_of_record
SF:lib\data\models\tv_series_models\tv_series_detail_model.dart
DA:6,1
DA:60,0
DA:61,0
DA:62,0
DA:63,0
DA:64,0
DA:65,0
DA:66,0
DA:67,0
DA:68,0
DA:69,0
DA:70,0
DA:71,0
DA:72,0
DA:73,0
DA:74,0
DA:75,0
DA:76,0
DA:77,0
DA:78,0
DA:79,0
DA:80,0
DA:81,0
DA:83,0
DA:84,0
DA:85,0
DA:86,0
DA:87,0
DA:88,0
DA:91,0
DA:92,0
DA:93,0
DA:94,0
DA:96,0
DA:97,0
DA:98,0
DA:99,0
DA:100,0
DA:101,0
DA:103,0
DA:104,0
DA:105,0
DA:106,0
DA:107,0
DA:108,0
DA:109,0
DA:110,0
DA:111,0
DA:112,0
DA:114,0
DA:115,0
DA:116,0
DA:117,0
DA:118,0
DA:119,0
DA:122,1
DA:123,1
DA:124,1
DA:125,1
DA:126,1
DA:127,5
DA:128,1
DA:129,1
DA:130,1
DA:131,1
DA:132,1
DA:133,1
DA:134,1
DA:135,1
DA:136,1
DA:137,1
DA:138,1
DA:139,1
DA:140,1
DA:141,1
DA:142,1
DA:143,1
DA:144,1
DA:145,1
DA:149,0
DA:150,0
DA:151,0
DA:152,0
DA:153,0
DA:154,0
DA:155,0
DA:156,0
DA:157,0
DA:158,0
DA:159,0
DA:160,0
DA:161,0
DA:162,0
DA:163,0
DA:164,0
DA:165,0
DA:166,0
DA:167,0
DA:168,0
DA:169,0
DA:170,0
DA:171,0
DA:172,0
DA:173,0
LF:104
LH:25
end_of_record
SF:lib\data\models\tv_series_models\tv_series_model.dart
DA:5,3
DA:34,2
DA:35,1
DA:36,4
DA:37,1
DA:38,1
DA:39,4
DA:40,1
DA:41,1
DA:42,1
DA:43,2
DA:44,1
DA:45,2
DA:46,1
DA:49,2
DA:50,1
DA:51,4
DA:52,1
DA:53,1
DA:54,4
DA:55,1
DA:56,1
DA:57,1
DA:58,1
DA:59,1
DA:60,1
DA:61,1
DA:64,2
DA:65,2
DA:66,2
DA:67,2
DA:68,2
DA:69,2
DA:70,2
DA:71,2
DA:72,2
DA:73,2
DA:74,2
DA:75,2
DA:76,2
DA:77,2
DA:80,1
DA:81,1
DA:82,1
DA:83,1
DA:84,1
DA:85,1
DA:86,1
DA:87,1
DA:88,1
DA:89,1
DA:90,1
DA:91,1
DA:92,1
DA:93,1
LF:55
LH:55
end_of_record
SF:lib\data\models\tv_series_models\tv_series_response.dart
DA:7,1
DA:9,1
DA:10,1
DA:11,2
DA:12,3
DA:13,3
DA:16,2
DA:17,5
DA:20,1
DA:21,2
LF:10
LH:10
end_of_record
SF:lib\data\repositories\tv_series_repository\tv_series_repository_impl.dart
DA:16,1
DA:22,1
DA:24,3
DA:25,5
DA:26,1
DA:28,1
DA:34,1
DA:36,3
DA:37,2
DA:38,1
DA:40,1
DA:46,1
DA:49,3
DA:50,3
DA:51,1
DA:53,1
DA:59,1
DA:61,3
DA:62,5
DA:63,1
DA:65,1
DA:71,1
DA:73,3
DA:74,5
DA:75,1
DA:77,1
DA:83,1
DA:85,3
DA:86,5
DA:87,1
DA:89,1
DA:95,1
DA:98,2
DA:99,2
DA:100,1
DA:101,1
DA:102,3
DA:110,1
DA:113,2
DA:114,2
DA:115,1
DA:116,1
DA:117,3
DA:122,1
DA:123,3
DA:128,1
DA:129,3
DA:130,5
LF:48
LH:48
end_of_record
SF:lib\domain\usecases\tv_series_usecases\get_watchlist_status_tv_series.dart
DA:6,1
DA:8,1
DA:9,2
LF:3
LH:3
end_of_record
SF:lib\domain\usecases\tv_series_usecases\remove_watchlist_tv_series.dart
DA:9,1
DA:11,1
DA:12,2
LF:3
LH:3
end_of_record
SF:lib\domain\usecases\tv_series_usecases\get_now_playing_tv_series.dart
DA:9,1
DA:11,1
DA:12,2
LF:3
LH:3
end_of_record
SF:lib\domain\usecases\tv_series_usecases\save_watchlist_tv_series.dart
DA:9,1
DA:11,1
DA:12,2
LF:3
LH:3
end_of_record
SF:lib\domain\usecases\tv_series_usecases\get_popular_tv_series.dart
DA:9,1
DA:11,1
DA:12,2
LF:3
LH:3
end_of_record
SF:lib\domain\usecases\tv_series_usecases\get_top_rated_tv_series.dart
DA:9,1
DA:11,1
DA:12,2
LF:3
LH:3
end_of_record
SF:lib\domain\usecases\tv_series_usecases\get_tv_series_detail.dart
DA:9,1
DA:11,1
DA:12,2
LF:3
LH:3
end_of_record
SF:lib\domain\usecases\tv_series_usecases\get_tv_series_recommendations.dart
DA:9,1
DA:11,1
DA:12,2
LF:3
LH:3
end_of_record
SF:lib\domain\usecases\tv_series_usecases\get_watchlist_tv_series.dart
DA:9,1
DA:11,1
DA:12,2
LF:3
LH:3
end_of_record
SF:lib\presentation\bloc\event\now_playing_tv_series_event.dart
DA:4,1
DA:6,0
DA:7,0
LF:3
LH:1
end_of_record
SF:lib\presentation\bloc\state\now_playing_tv_series_state.dart
DA:4,2
DA:6,1
DA:7,1
DA:17,2
DA:19,1
DA:20,2
DA:26,1
DA:28,1
DA:29,2
LF:9
LH:9
end_of_record
SF:lib\presentation\bloc\now_playing_tv_series_bloc.dart
DA:14,1
DA:15,2
DA:18,1
DA:21,1
DA:22,2
DA:23,3
DA:24,2
DA:25,1
DA:26,3
DA:28,1
DA:29,2
LF:11
LH:11
end_of_record
SF:lib\presentation\bloc\state\popular_tv_series_state.dart
DA:4,2
DA:6,1
DA:7,1
DA:17,2
DA:19,1
DA:20,2
DA:26,1
DA:28,1
DA:29,2
LF:9
LH:9
end_of_record
SF:lib\presentation\bloc\popular_tv_series_bloc.dart
DA:14,3
DA:17,1
DA:20,1
DA:21,2
DA:22,3
DA:23,2
DA:24,1
DA:25,3
DA:27,1
DA:28,2
LF:10
LH:10
end_of_record
SF:lib\presentation\bloc\event\popular_tv_series_event.dart
DA:4,1
DA:6,0
DA:7,0
LF:3
LH:1
end_of_record
SF:lib\presentation\bloc\recommendation_tv_series_bloc.dart
DA:15,1
DA:16,2
DA:19,1
DA:22,1
DA:23,1
DA:24,2
DA:25,3
DA:26,2
DA:27,1
DA:28,3
DA:30,1
DA:31,2
LF:12
LH:12
end_of_record
SF:lib\presentation\bloc\state\recommendation_tv_series_state.dart
DA:4,2
DA:6,1
DA:7,1
DA:17,2
DA:19,1
DA:20,2
DA:26,1
DA:28,1
DA:29,2
LF:9
LH:9
end_of_record
SF:lib\presentation\bloc\event\recommendation_tv_series_event.dart
DA:4,1
DA:6,0
DA:7,0
DA:13,1
DA:15,0
DA:16,0
LF:6
LH:2
end_of_record
SF:lib\presentation\bloc\state\top_rated_tv_series_state.dart
DA:4,2
DA:6,1
DA:7,1
DA:17,2
DA:19,1
DA:20,2
DA:26,1
DA:28,1
DA:29,2
LF:9
LH:9
end_of_record
SF:lib\presentation\bloc\event\top_rated_tv_series_event.dart
DA:4,1
DA:6,0
DA:7,0
LF:3
LH:1
end_of_record
SF:lib\presentation\bloc\top_rated_tv_series_bloc.dart
DA:14,1
DA:15,2
DA:18,1
DA:21,1
DA:22,2
DA:23,3
DA:24,2
DA:25,1
DA:26,3
DA:28,1
DA:29,2
LF:11
LH:11
end_of_record
SF:lib\presentation\bloc\state\tv_series_detail_state.dart
DA:4,2
DA:6,1
DA:7,1
DA:17,2
DA:19,1
DA:20,2
DA:26,1
DA:28,1
DA:29,2
LF:9
LH:9
end_of_record
SF:lib\presentation\bloc\tv_series_detail_bloc.dart
DA:15,3
DA:18,1
DA:21,1
DA:22,1
DA:24,2
DA:25,3
DA:27,2
DA:28,1
DA:29,3
DA:31,1
DA:32,2
LF:11
LH:11
end_of_record
SF:lib\presentation\bloc\event\tv_series_detail_event.dart
DA:4,1
DA:6,0
DA:7,0
DA:13,1
DA:15,0
DA:16,0
LF:6
LH:2
end_of_record
SF:lib\presentation\bloc\state\watchlist_tv_series_state.dart
DA:4,3
DA:6,1
DA:7,1
DA:17,2
DA:19,1
DA:20,2
DA:27,0
DA:29,0
DA:30,0
DA:36,1
DA:38,1
DA:39,2
DA:45,1
DA:47,0
DA:48,0
DA:54,1
DA:56,0
DA:57,0
DA:64,0
DA:66,0
DA:67,0
LF:21
LH:11
end_of_record
SF:lib\presentation\bloc\event\watchlist_tv_series_event.dart
DA:4,1
DA:6,0
DA:7,0
DA:15,0
DA:17,0
DA:18,0
DA:24,0
DA:26,0
DA:27,0
DA:33,0
DA:35,0
DA:36,0
LF:12
LH:1
end_of_record
SF:lib\presentation\bloc\watchlist_tv_series_bloc.dart
DA:21,1
DA:23,2
DA:26,1
DA:29,1
DA:30,2
DA:32,3
DA:33,2
DA:34,1
DA:35,3
DA:37,1
DA:38,2
DA:41,0
DA:42,0
DA:43,0
DA:44,0
DA:45,0
DA:46,0
DA:47,0
DA:49,0
DA:50,0
DA:51,0
DA:52,0
DA:53,0
DA:54,0
DA:55,0
DA:57,0
DA:58,0
DA:59,0
DA:60,0
LF:29
LH:11
end_of_record
